<?xml version="1.0" encoding="UTF-8"?>
<!-- Generated by org.testng.reporters.JUnitReportReporter -->
<testsuite skipped="0" hostname="DESKTOP-EMFQ6BP" name="variousConcepts.LearnTestNG" tests="2" failures="0" timestamp="2022-11-30T17:25:00 CST" time="24.294" errors="0">
  <testcase name="logCustomer" time="14.998" classname="variousConcepts.LearnTestNG"/>
  <system-out/>
  <testcase name="loginTest" time="9.296" classname="variousConcepts.LearnTestNG"/>
  <system-out/>
</testsuite> <!-- variousConcepts.LearnTestNG -->
